<?xml version="1.0" encoding="UTF-8"?>
<!-- Generated by org.testng.reporters.JUnitXMLReporter -->
<testsuite hostname="malli-PC" ignored="1" name="Regression suite 1" tests="29" failures="4" timestamp="17 Aug 2024 03:31:38 GMT" time="0.284" errors="0">
  <testcase name="funA" time="0.008" classname="TestNG.TestNGAnnotationDemo1"/>
  <testcase name="funA" time="0.003" classname="TestNG.TestNGDemo1"/>
  <testcase name="funA" time="0.002" classname="TestNG.TestNGDemo2"/>
  <testcase name="funB" time="0.005" classname="TestNG.TestNGDemo2"/>
  <testcase name="funC" time="0.003" classname="TestNG.TestNGDemo2"/>
  <testcase name="funD" time="0.003" classname="TestNG.TestNGDemo2"/>
  <testcase name="funA" time="0.003" classname="TestNG.TestNGDemo2A"/>
  <testcase name="funB" time="0.003" classname="TestNG.TestNGDemo2A"/>
  <testcase name="funC" time="0.004" classname="TestNG.TestNGDemo2A"/>
  <testcase name="funD" time="0.002" classname="TestNG.TestNGDemo2A"/>
  <testcase name="funA" time="0.002" classname="TestNG.TestNGDemo3"/>
  <testcase name="funB" time="0.002" classname="TestNG.TestNGDemo3">
    <failure type="java.lang.ArithmeticException" message="/ by zero">
      <![CDATA[java.lang.ArithmeticException: / by zero
	at TestNG.TestNGDemo3.funB(TestNGDemo3.java:19)
... Removed 25 stack frames]]>
    </failure>
  </testcase> <!-- funB -->
  <testcase name="funC" time="0.004" classname="TestNG.TestNGDemo3">
    <skipped/>
  </testcase> <!-- funC -->
  <testcase name="funA" time="0.002" classname="TestNG.TestNGGroupsDemo1"/>
  <testcase name="funB" time="0.002" classname="TestNG.TestNGGroupsDemo1"/>
  <testcase name="funC" time="0.002" classname="TestNG.TestNGGroupsDemo1"/>
  <testcase name="funD" time="0.002" classname="TestNG.TestNGGroupsDemo1"/>
  <testcase name="f" time="0.002" classname="TestNG.TestNGXMLDemo"/>
  <testcase name="funC" time="0.002" classname="TestNG.TestNGDemo2B"/>
  <testcase name="loginTest" time="0.002" classname="TestNG.TestNGDemo4">
    <failure type="java.lang.ArithmeticException" message="/ by zero">
      <![CDATA[java.lang.ArithmeticException: / by zero
	at TestNG.TestNGDemo4.loginTest(TestNGDemo4.java:12)
... Removed 25 stack frames]]>
    </failure>
  </testcase> <!-- loginTest -->
  <testcase name="loginTest" time="0.002" classname="TestNG.TestNGDemo4A">
    <failure type="java.lang.ArithmeticException" message="/ by zero">
      <![CDATA[java.lang.ArithmeticException: / by zero
	at TestNG.TestNGDemo4A.loginTest(TestNGDemo4A.java:12)
... Removed 25 stack frames]]>
    </failure>
  </testcase> <!-- loginTest -->
  <testcase name="loginTest" time="0.002" classname="TestNG.TestNGDemo4B"/>
  <testcase name="funD" time="0.005" classname="TestNG.TestNGDemo2B"/>
  <testcase name="customerDetails" time="0.002" classname="TestNG.TestNGDemo4"/>
  <testcase name="customerDetails" time="0.0" classname="TestNG.TestNGDemo4A">
    <skipped/>
  </testcase> <!-- customerDetails -->
  <testcase name="otpVerification" time="0.034" classname="TestNG.TestNGDemo4B">
    <failure type="java.lang.ArithmeticException" message="/ by zero">
      <![CDATA[java.lang.ArithmeticException: / by zero
	at TestNG.TestNGDemo4B.otpVerification(TestNGDemo4B.java:19)
... Removed 25 stack frames]]>
    </failure>
  </testcase> <!-- otpVerification -->
  <testcase name="funB" time="0.002" classname="TestNG.TestNGDemo2B"/>
  <testcase name="customerDetails" time="0.001" classname="TestNG.TestNGDemo4B">
    <skipped/>
  </testcase> <!-- customerDetails -->
  <testcase name="funA" time="0.002" classname="TestNG.TestNGDemo2B"/>
  <testcase name="funD" time="0.0" classname="TestNG.TestNGDemo3">
    <ignored/>
  </testcase> <!-- funD -->
</testsuite> <!-- Regression suite 1 -->
