<?xml version="1.0" encoding="UTF-8"?>
<!-- Generated by org.testng.reporters.JUnitXMLReporter -->
<testsuite hostname="malli-PC" ignored="0" name="testing" tests="4" failures="0" timestamp="17 Aug 2024 03:01:04 GMT" time="0.065" errors="0">
  <testcase name="funA" time="0.015" classname="TestNG.TestNGGroupsDemo1"/>
  <testcase name="funB" time="0.002" classname="TestNG.TestNGGroupsDemo1"/>
  <testcase name="funC" time="0.002" classname="TestNG.TestNGGroupsDemo1"/>
  <testcase name="funD" time="0.003" classname="TestNG.TestNGGroupsDemo1"/>
</testsuite> <!-- testing -->
