<?xml version="1.0" encoding="UTF-8"?>
<testng-results skipped="0" failed="0" ignored="0" total="1" passed="1">
  <reporter-output>
  </reporter-output>
  <suite name="Default suite" duration-ms="29137" started-at="2024-09-09T08:46:53Z" finished-at="2024-09-09T08:47:22Z">
    <groups>
    </groups>
    <test name="Default test" duration-ms="29137" started-at="2024-09-09T08:46:53Z" finished-at="2024-09-09T08:47:22Z">
      <class name="AutoITDemo.FileUploadDemo4">
        <test-method status="PASS" signature="FileUpload()[pri:0, instance:AutoITDemo.FileUploadDemo4@66d2e7d9]" name="FileUpload" duration-ms="29105" started-at="2024-09-09T14:16:53Z" finished-at="2024-09-09T14:17:22Z">
          <reporter-output>
          </reporter-output>
        </test-method> <!-- FileUpload -->
      </class> <!-- AutoITDemo.FileUploadDemo4 -->
    </test> <!-- Default test -->
  </suite> <!-- Default suite -->
</testng-results>
